<?xml version="1.0" encoding="UTF-8"?>
<!-- Generated by org.testng.reporters.JUnitXMLReporter -->
<testsuite hostname="SHAYSA-HZ" ignored="1" name="Default test" tests="1" failures="0" timestamp="16 מרץ 2017 08:11:35 GMT" time="11.161" errors="0">
  <testcase name="AddingNewProject" time="5.407" classname="il.co.topq.tests.SubmitNewIssueTest"/>
  <testcase name="fromStartToEnd" time="0.0" classname="il.co.topq.tests.SubmitNewIssueTest">
    <ignored/>
  </testcase> <!-- fromStartToEnd -->
</testsuite> <!-- Default test -->
